Determining if the pthread_create exist failed with the following output:
Change Dir: /home/dpark/map-fusion/catkin_ws_Indep.Study/src/gui/vector_slam_msgs/build/CMakeFiles/CMakeTmp

Run Build Command:"/usr/bin/make" "cmTC_a8e19/fast"
/usr/bin/make -f CMakeFiles/cmTC_a8e19.dir/build.make CMakeFiles/cmTC_a8e19.dir/build
make[1]: Entering directory '/home/dpark/map-fusion/catkin_ws_Indep.Study/src/gui/vector_slam_msgs/build/CMakeFiles/CMakeTmp'
Building C object CMakeFiles/cmTC_a8e19.dir/CheckSymbolExists.c.o
/usr/bin/cc    -o CMakeFiles/cmTC_a8e19.dir/CheckSymbolExists.c.o   -c /home/dpark/map-fusion/catkin_ws_Indep.Study/src/gui/vector_slam_msgs/build/CMakeFiles/CMakeTmp/CheckSymbolExists.c
Linking C executable cmTC_a8e19
/usr/bin/cmake -E cmake_link_script CMakeFiles/cmTC_a8e19.dir/link.txt --verbose=1
/usr/bin/cc      -rdynamic CMakeFiles/cmTC_a8e19.dir/CheckSymbolExists.c.o  -o cmTC_a8e19 
CMakeFiles/cmTC_a8e19.dir/CheckSymbolExists.c.o: In function `main':
CheckSymbolExists.c:(.text+0x1b): undefined reference to `pthread_create'
collect2: error: ld returned 1 exit status
CMakeFiles/cmTC_a8e19.dir/build.make:97: recipe for target 'cmTC_a8e19' failed
make[1]: *** [cmTC_a8e19] Error 1
make[1]: Leaving directory '/home/dpark/map-fusion/catkin_ws_Indep.Study/src/gui/vector_slam_msgs/build/CMakeFiles/CMakeTmp'
Makefile:126: recipe for target 'cmTC_a8e19/fast' failed
make: *** [cmTC_a8e19/fast] Error 2

File /home/dpark/map-fusion/catkin_ws_Indep.Study/src/gui/vector_slam_msgs/build/CMakeFiles/CMakeTmp/CheckSymbolExists.c:
/* */
#include <pthread.h>

int main(int argc, char** argv)
{
  (void)argv;
#ifndef pthread_create
  return ((int*)(&pthread_create))[argc];
#else
  (void)argc;
  return 0;
#endif
}

Determining if the function pthread_create exists in the pthreads failed with the following output:
Change Dir: /home/dpark/map-fusion/catkin_ws_Indep.Study/src/gui/vector_slam_msgs/build/CMakeFiles/CMakeTmp

Run Build Command:"/usr/bin/make" "cmTC_7d6af/fast"
/usr/bin/make -f CMakeFiles/cmTC_7d6af.dir/build.make CMakeFiles/cmTC_7d6af.dir/build
make[1]: Entering directory '/home/dpark/map-fusion/catkin_ws_Indep.Study/src/gui/vector_slam_msgs/build/CMakeFiles/CMakeTmp'
Building C object CMakeFiles/cmTC_7d6af.dir/CheckFunctionExists.c.o
/usr/bin/cc   -DCHECK_FUNCTION_EXISTS=pthread_create   -o CMakeFiles/cmTC_7d6af.dir/CheckFunctionExists.c.o   -c /usr/share/cmake-3.10/Modules/CheckFunctionExists.c
Linking C executable cmTC_7d6af
/usr/bin/cmake -E cmake_link_script CMakeFiles/cmTC_7d6af.dir/link.txt --verbose=1
/usr/bin/cc  -DCHECK_FUNCTION_EXISTS=pthread_create    -rdynamic CMakeFiles/cmTC_7d6af.dir/CheckFunctionExists.c.o  -o cmTC_7d6af -lpthreads 
/usr/bin/ld: cannot find -lpthreads
collect2: error: ld returned 1 exit status
CMakeFiles/cmTC_7d6af.dir/build.make:97: recipe for target 'cmTC_7d6af' failed
make[1]: *** [cmTC_7d6af] Error 1
make[1]: Leaving directory '/home/dpark/map-fusion/catkin_ws_Indep.Study/src/gui/vector_slam_msgs/build/CMakeFiles/CMakeTmp'
Makefile:126: recipe for target 'cmTC_7d6af/fast' failed
make: *** [cmTC_7d6af/fast] Error 2


