Determining if the pthread_create exist failed with the following output:
Change Dir: /home/dpark/map-fusion/gui/gui/build/CMakeFiles/CMakeTmp

Run Build Command:"/usr/bin/make" "cmTC_f2821/fast"
/usr/bin/make -f CMakeFiles/cmTC_f2821.dir/build.make CMakeFiles/cmTC_f2821.dir/build
make[1]: Entering directory '/home/dpark/map-fusion/gui/gui/build/CMakeFiles/CMakeTmp'
Building C object CMakeFiles/cmTC_f2821.dir/CheckSymbolExists.c.o
/usr/bin/cc    -o CMakeFiles/cmTC_f2821.dir/CheckSymbolExists.c.o   -c /home/dpark/map-fusion/gui/gui/build/CMakeFiles/CMakeTmp/CheckSymbolExists.c
Linking C executable cmTC_f2821
/usr/bin/cmake -E cmake_link_script CMakeFiles/cmTC_f2821.dir/link.txt --verbose=1
/usr/bin/cc      -rdynamic CMakeFiles/cmTC_f2821.dir/CheckSymbolExists.c.o  -o cmTC_f2821 
CMakeFiles/cmTC_f2821.dir/CheckSymbolExists.c.o: In function `main':
CheckSymbolExists.c:(.text+0x1b): undefined reference to `pthread_create'
collect2: error: ld returned 1 exit status
CMakeFiles/cmTC_f2821.dir/build.make:97: recipe for target 'cmTC_f2821' failed
make[1]: *** [cmTC_f2821] Error 1
make[1]: Leaving directory '/home/dpark/map-fusion/gui/gui/build/CMakeFiles/CMakeTmp'
Makefile:126: recipe for target 'cmTC_f2821/fast' failed
make: *** [cmTC_f2821/fast] Error 2

File /home/dpark/map-fusion/gui/gui/build/CMakeFiles/CMakeTmp/CheckSymbolExists.c:
/* */
#include <pthread.h>

int main(int argc, char** argv)
{
  (void)argv;
#ifndef pthread_create
  return ((int*)(&pthread_create))[argc];
#else
  (void)argc;
  return 0;
#endif
}

Determining if the function pthread_create exists in the pthreads failed with the following output:
Change Dir: /home/dpark/map-fusion/gui/gui/build/CMakeFiles/CMakeTmp

Run Build Command:"/usr/bin/make" "cmTC_6f123/fast"
/usr/bin/make -f CMakeFiles/cmTC_6f123.dir/build.make CMakeFiles/cmTC_6f123.dir/build
make[1]: Entering directory '/home/dpark/map-fusion/gui/gui/build/CMakeFiles/CMakeTmp'
Building C object CMakeFiles/cmTC_6f123.dir/CheckFunctionExists.c.o
/usr/bin/cc   -DCHECK_FUNCTION_EXISTS=pthread_create   -o CMakeFiles/cmTC_6f123.dir/CheckFunctionExists.c.o   -c /usr/share/cmake-3.10/Modules/CheckFunctionExists.c
Linking C executable cmTC_6f123
/usr/bin/cmake -E cmake_link_script CMakeFiles/cmTC_6f123.dir/link.txt --verbose=1
/usr/bin/cc  -DCHECK_FUNCTION_EXISTS=pthread_create    -rdynamic CMakeFiles/cmTC_6f123.dir/CheckFunctionExists.c.o  -o cmTC_6f123 -lpthreads 
/usr/bin/ld: cannot find -lpthreads
collect2: error: ld returned 1 exit status
CMakeFiles/cmTC_6f123.dir/build.make:97: recipe for target 'cmTC_6f123' failed
make[1]: *** [cmTC_6f123] Error 1
make[1]: Leaving directory '/home/dpark/map-fusion/gui/gui/build/CMakeFiles/CMakeTmp'
Makefile:126: recipe for target 'cmTC_6f123/fast' failed
make: *** [cmTC_6f123/fast] Error 2


Determining if the Q_WS_WIN exist failed with the following output:
Change Dir: /home/dpark/map-fusion/gui/gui/build/CMakeFiles/CMakeTmp

Run Build Command:"/usr/bin/make" "cmTC_33e5e/fast"
/usr/bin/make -f CMakeFiles/cmTC_33e5e.dir/build.make CMakeFiles/cmTC_33e5e.dir/build
make[1]: Entering directory '/home/dpark/map-fusion/gui/gui/build/CMakeFiles/CMakeTmp'
Building CXX object CMakeFiles/cmTC_33e5e.dir/CheckSymbolExists.cxx.o
/usr/bin/c++   -I/usr/include/qt4  -std=c++11 -march=native -Wall -g -rdynamic    -o CMakeFiles/cmTC_33e5e.dir/CheckSymbolExists.cxx.o -c /home/dpark/map-fusion/gui/gui/build/CMakeFiles/CMakeTmp/CheckSymbolExists.cxx
/home/dpark/map-fusion/gui/gui/build/CMakeFiles/CMakeTmp/CheckSymbolExists.cxx: In function ‘int main(int, char**)’:
/home/dpark/map-fusion/gui/gui/build/CMakeFiles/CMakeTmp/CheckSymbolExists.cxx:8:19: error: ‘Q_WS_WIN’ was not declared in this scope
   return ((int*)(&Q_WS_WIN))[argc];
                   ^~~~~~~~
/home/dpark/map-fusion/gui/gui/build/CMakeFiles/CMakeTmp/CheckSymbolExists.cxx:8:19: note: suggested alternative: ‘Q_WS_X11’
   return ((int*)(&Q_WS_WIN))[argc];
                   ^~~~~~~~
                   Q_WS_X11
CMakeFiles/cmTC_33e5e.dir/build.make:65: recipe for target 'CMakeFiles/cmTC_33e5e.dir/CheckSymbolExists.cxx.o' failed
make[1]: *** [CMakeFiles/cmTC_33e5e.dir/CheckSymbolExists.cxx.o] Error 1
make[1]: Leaving directory '/home/dpark/map-fusion/gui/gui/build/CMakeFiles/CMakeTmp'
Makefile:126: recipe for target 'cmTC_33e5e/fast' failed
make: *** [cmTC_33e5e/fast] Error 2

File /home/dpark/map-fusion/gui/gui/build/CMakeFiles/CMakeTmp/CheckSymbolExists.cxx:
/* */
#include <QtCore/qglobal.h>

int main(int argc, char** argv)
{
  (void)argv;
#ifndef Q_WS_WIN
  return ((int*)(&Q_WS_WIN))[argc];
#else
  (void)argc;
  return 0;
#endif
}

Determining if the Q_WS_QWS exist failed with the following output:
Change Dir: /home/dpark/map-fusion/gui/gui/build/CMakeFiles/CMakeTmp

Run Build Command:"/usr/bin/make" "cmTC_a1a33/fast"
/usr/bin/make -f CMakeFiles/cmTC_a1a33.dir/build.make CMakeFiles/cmTC_a1a33.dir/build
make[1]: Entering directory '/home/dpark/map-fusion/gui/gui/build/CMakeFiles/CMakeTmp'
Building CXX object CMakeFiles/cmTC_a1a33.dir/CheckSymbolExists.cxx.o
/usr/bin/c++   -I/usr/include/qt4  -std=c++11 -march=native -Wall -g -rdynamic    -o CMakeFiles/cmTC_a1a33.dir/CheckSymbolExists.cxx.o -c /home/dpark/map-fusion/gui/gui/build/CMakeFiles/CMakeTmp/CheckSymbolExists.cxx
/home/dpark/map-fusion/gui/gui/build/CMakeFiles/CMakeTmp/CheckSymbolExists.cxx: In function ‘int main(int, char**)’:
/home/dpark/map-fusion/gui/gui/build/CMakeFiles/CMakeTmp/CheckSymbolExists.cxx:8:19: error: ‘Q_WS_QWS’ was not declared in this scope
   return ((int*)(&Q_WS_QWS))[argc];
                   ^~~~~~~~
/home/dpark/map-fusion/gui/gui/build/CMakeFiles/CMakeTmp/CheckSymbolExists.cxx:8:19: note: suggested alternative: ‘Q_WS_X11’
   return ((int*)(&Q_WS_QWS))[argc];
                   ^~~~~~~~
                   Q_WS_X11
CMakeFiles/cmTC_a1a33.dir/build.make:65: recipe for target 'CMakeFiles/cmTC_a1a33.dir/CheckSymbolExists.cxx.o' failed
make[1]: *** [CMakeFiles/cmTC_a1a33.dir/CheckSymbolExists.cxx.o] Error 1
make[1]: Leaving directory '/home/dpark/map-fusion/gui/gui/build/CMakeFiles/CMakeTmp'
Makefile:126: recipe for target 'cmTC_a1a33/fast' failed
make: *** [cmTC_a1a33/fast] Error 2

File /home/dpark/map-fusion/gui/gui/build/CMakeFiles/CMakeTmp/CheckSymbolExists.cxx:
/* */
#include <QtCore/qglobal.h>

int main(int argc, char** argv)
{
  (void)argv;
#ifndef Q_WS_QWS
  return ((int*)(&Q_WS_QWS))[argc];
#else
  (void)argc;
  return 0;
#endif
}

Determining if the Q_WS_MAC exist failed with the following output:
Change Dir: /home/dpark/map-fusion/gui/gui/build/CMakeFiles/CMakeTmp

Run Build Command:"/usr/bin/make" "cmTC_488b7/fast"
/usr/bin/make -f CMakeFiles/cmTC_488b7.dir/build.make CMakeFiles/cmTC_488b7.dir/build
make[1]: Entering directory '/home/dpark/map-fusion/gui/gui/build/CMakeFiles/CMakeTmp'
Building CXX object CMakeFiles/cmTC_488b7.dir/CheckSymbolExists.cxx.o
/usr/bin/c++   -I/usr/include/qt4  -std=c++11 -march=native -Wall -g -rdynamic    -o CMakeFiles/cmTC_488b7.dir/CheckSymbolExists.cxx.o -c /home/dpark/map-fusion/gui/gui/build/CMakeFiles/CMakeTmp/CheckSymbolExists.cxx
/home/dpark/map-fusion/gui/gui/build/CMakeFiles/CMakeTmp/CheckSymbolExists.cxx: In function ‘int main(int, char**)’:
/home/dpark/map-fusion/gui/gui/build/CMakeFiles/CMakeTmp/CheckSymbolExists.cxx:8:19: error: ‘Q_WS_MAC’ was not declared in this scope
   return ((int*)(&Q_WS_MAC))[argc];
                   ^~~~~~~~
/home/dpark/map-fusion/gui/gui/build/CMakeFiles/CMakeTmp/CheckSymbolExists.cxx:8:19: note: suggested alternative: ‘Q_WS_X11’
   return ((int*)(&Q_WS_MAC))[argc];
                   ^~~~~~~~
                   Q_WS_X11
CMakeFiles/cmTC_488b7.dir/build.make:65: recipe for target 'CMakeFiles/cmTC_488b7.dir/CheckSymbolExists.cxx.o' failed
make[1]: *** [CMakeFiles/cmTC_488b7.dir/CheckSymbolExists.cxx.o] Error 1
make[1]: Leaving directory '/home/dpark/map-fusion/gui/gui/build/CMakeFiles/CMakeTmp'
Makefile:126: recipe for target 'cmTC_488b7/fast' failed
make: *** [cmTC_488b7/fast] Error 2

File /home/dpark/map-fusion/gui/gui/build/CMakeFiles/CMakeTmp/CheckSymbolExists.cxx:
/* */
#include <QtCore/qglobal.h>

int main(int argc, char** argv)
{
  (void)argv;
#ifndef Q_WS_MAC
  return ((int*)(&Q_WS_MAC))[argc];
#else
  (void)argc;
  return 0;
#endif
}

