Determining if the pthread_create exist failed with the following output:
Change Dir: /home/dpark/map-fusion/gui/vector_slam_msgs/build/CMakeFiles/CMakeTmp

Run Build Command:"/usr/bin/make" "cmTC_cbfc8/fast"
/usr/bin/make -f CMakeFiles/cmTC_cbfc8.dir/build.make CMakeFiles/cmTC_cbfc8.dir/build
make[1]: Entering directory '/home/dpark/map-fusion/gui/vector_slam_msgs/build/CMakeFiles/CMakeTmp'
Building C object CMakeFiles/cmTC_cbfc8.dir/CheckSymbolExists.c.o
/usr/bin/cc    -o CMakeFiles/cmTC_cbfc8.dir/CheckSymbolExists.c.o   -c /home/dpark/map-fusion/gui/vector_slam_msgs/build/CMakeFiles/CMakeTmp/CheckSymbolExists.c
Linking C executable cmTC_cbfc8
/usr/bin/cmake -E cmake_link_script CMakeFiles/cmTC_cbfc8.dir/link.txt --verbose=1
/usr/bin/cc      -rdynamic CMakeFiles/cmTC_cbfc8.dir/CheckSymbolExists.c.o  -o cmTC_cbfc8 
CMakeFiles/cmTC_cbfc8.dir/CheckSymbolExists.c.o: In function `main':
CheckSymbolExists.c:(.text+0x1b): undefined reference to `pthread_create'
collect2: error: ld returned 1 exit status
CMakeFiles/cmTC_cbfc8.dir/build.make:97: recipe for target 'cmTC_cbfc8' failed
make[1]: *** [cmTC_cbfc8] Error 1
make[1]: Leaving directory '/home/dpark/map-fusion/gui/vector_slam_msgs/build/CMakeFiles/CMakeTmp'
Makefile:126: recipe for target 'cmTC_cbfc8/fast' failed
make: *** [cmTC_cbfc8/fast] Error 2

File /home/dpark/map-fusion/gui/vector_slam_msgs/build/CMakeFiles/CMakeTmp/CheckSymbolExists.c:
/* */
#include <pthread.h>

int main(int argc, char** argv)
{
  (void)argv;
#ifndef pthread_create
  return ((int*)(&pthread_create))[argc];
#else
  (void)argc;
  return 0;
#endif
}

Determining if the function pthread_create exists in the pthreads failed with the following output:
Change Dir: /home/dpark/map-fusion/gui/vector_slam_msgs/build/CMakeFiles/CMakeTmp

Run Build Command:"/usr/bin/make" "cmTC_818b1/fast"
/usr/bin/make -f CMakeFiles/cmTC_818b1.dir/build.make CMakeFiles/cmTC_818b1.dir/build
make[1]: Entering directory '/home/dpark/map-fusion/gui/vector_slam_msgs/build/CMakeFiles/CMakeTmp'
Building C object CMakeFiles/cmTC_818b1.dir/CheckFunctionExists.c.o
/usr/bin/cc   -DCHECK_FUNCTION_EXISTS=pthread_create   -o CMakeFiles/cmTC_818b1.dir/CheckFunctionExists.c.o   -c /usr/share/cmake-3.10/Modules/CheckFunctionExists.c
Linking C executable cmTC_818b1
/usr/bin/cmake -E cmake_link_script CMakeFiles/cmTC_818b1.dir/link.txt --verbose=1
/usr/bin/cc  -DCHECK_FUNCTION_EXISTS=pthread_create    -rdynamic CMakeFiles/cmTC_818b1.dir/CheckFunctionExists.c.o  -o cmTC_818b1 -lpthreads 
/usr/bin/ld: cannot find -lpthreads
collect2: error: ld returned 1 exit status
CMakeFiles/cmTC_818b1.dir/build.make:97: recipe for target 'cmTC_818b1' failed
make[1]: *** [cmTC_818b1] Error 1
make[1]: Leaving directory '/home/dpark/map-fusion/gui/vector_slam_msgs/build/CMakeFiles/CMakeTmp'
Makefile:126: recipe for target 'cmTC_818b1/fast' failed
make: *** [cmTC_818b1/fast] Error 2


